Log file open, 12/04/17 15:02:25
LogWindows: Failed to load 'aqProf.dll' (GetLastError=126)
LogWindows: File 'aqProf.dll' does not exist
LogWindows: Failed to load 'VtuneApi.dll' (GetLastError=126)
LogWindows: File 'VtuneApi.dll' does not exist
LogWindows: Failed to load 'VtuneApi32e.dll' (GetLastError=126)
LogWindows: File 'VtuneApi32e.dll' does not exist
LogInit: Display: Running engine for game: ForYourStomach
LogPlatformFile: Not using cached read wrapper
LogInit: Display: RandInit(-1881775198) SRandInit(-1881775198).
LogInit: Read version file with build ID '3709383'
LogInit: Overriding engine version to CL 3754814, compatible CL 3709383
LogInit: Registered custom module enumerator with build ID '3709383'
LogTaskGraph: Started task graph with 5 named threads and 14 total threads with 3 sets of task threads.
LogStats: Stats thread started at 0.174980
LogD3D11RHI: Aftermath initialized
LogModuleManager: Display: Found up-to-date module file ../../../Engine/Plugins/2D/Paper2D/Binaries/Win64/UE4Editor-Paper2D.dll (API version 3709383).
LogModuleManager: Display: Found up-to-date module file ../../../Engine/Plugins/2D/Paper2D/Binaries/Win64/UE4Editor-Paper2DEditor.dll (API version 3709383).
LogModuleManager: Display: Found up-to-date module file ../../../Engine/Plugins/2D/Paper2D/Binaries/Win64/UE4Editor-PaperSpriteSheetImporter.dll (API version 3709383).
LogModuleManager: Display: Found up-to-date module file ../../../Engine/Plugins/2D/Paper2D/Binaries/Win64/UE4Editor-PaperTiledImporter.dll (API version 3709383).
LogModuleManager: Display: Found up-to-date module file ../../../Engine/Plugins/2D/Paper2D/Binaries/Win64/UE4Editor-SmartSnapping.dll (API version 3709383).
LogModuleManager: Display: Found up-to-date module file ../../../Engine/Plugins/Blendables/LightPropagationVolume/Binaries/Win64/UE4Editor-LightPropagationVolumeRuntime.dll (API version 3709383).
LogModuleManager: Display: Found up-to-date module file ../../../Engine/Plugins/Blendables/LightPropagationVolume/Binaries/Win64/UE4Editor-LightPropagationVolumeEditor.dll (API version 3709383).
LogModuleManager: Display: Found up-to-date module file ../../../Engine/Plugins/Developer/GitSourceControl/Binaries/Win64/UE4Editor-GitSourceControl.dll (API version 3709383).
LogModuleManager: Display: Found up-to-date module file ../../../Engine/Plugins/Developer/PerforceSourceControl/Binaries/Win64/UE4Editor-PerforceSourceControl.dll (API version 3709383).
LogModuleManager: Display: Found up-to-date module file ../../../Engine/Plugins/Developer/SubversionSourceControl/Binaries/Win64/UE4Editor-SubversionSourceControl.dll (API version 3709383).
LogModuleManager: Display: Found up-to-date module file ../../../Engine/Plugins/Developer/UObjectPlugin/Binaries/Win64/UE4Editor-UObjectPlugin.dll (API version 3709383).
LogModuleManager: Display: Found up-to-date module file ../../../Engine/Plugins/Developer/VisualStudioCodeSourceCodeAccess/Binaries/Win64/UE4Editor-VisualStudioCodeSourceCodeAccess.dll (API version 3709383).
LogModuleManager: Display: Found up-to-date module file ../../../Engine/Plugins/Developer/VisualStudioSourceCodeAccess/Binaries/Win64/UE4Editor-VisualStudioSourceCodeAccess.dll (API version 3709383).
LogModuleManager: Display: Found up-to-date module file ../../../Engine/Plugins/Editor/AssetManagerEditor/Binaries/Win64/UE4Editor-AssetManagerEditor.dll (API version 3709383).
LogModuleManager: Display: Found up-to-date module file ../../../Engine/Plugins/Editor/AudioCapture/Binaries/Win64/UE4Editor-AudioCapture.dll (API version 3709383).
LogModuleManager: Display: Found up-to-date module file ../../../Engine/Plugins/Editor/FacialAnimation/Binaries/Win64/UE4Editor-FacialAnimation.dll (API version 3709383).
LogModuleManager: Display: Found up-to-date module file ../../../Engine/Plugins/Editor/FacialAnimation/Binaries/Win64/UE4Editor-FacialAnimationEditor.dll (API version 3709383).
LogModuleManager: Display: Found up-to-date module file ../../../Engine/Plugins/Editor/GameplayTagsEditor/Binaries/Win64/UE4Editor-GameplayTagsEditor.dll (API version 3709383).
LogModuleManager: Display: Found up-to-date module file ../../../Engine/Plugins/Editor/MobileLauncherProfileWizard/Binaries/Win64/UE4Editor-MobileLauncherProfileWizard.dll (API version 3709383).
LogModuleManager: Display: Found up-to-date module file ../../../Engine/Plugins/Editor/PluginBrowser/Binaries/Win64/UE4Editor-PluginBrowser.dll (API version 3709383).
LogModuleManager: Display: Found up-to-date module file ../../../Engine/Plugins/Editor/SpeedTreeImporter/Binaries/Win64/UE4Editor-SpeedTreeImporter.dll (API version 3709383).
LogModuleManager: Display: Found up-to-date module file ../../../Engine/Plugins/Experimental/AlembicImporter/Binaries/Win64/UE4Editor-AlembicImporter.dll (API version 3709383).
LogModuleManager: Display: Found up-to-date module file ../../../Engine/Plugins/Experimental/AlembicImporter/Binaries/Win64/UE4Editor-AlembicLibrary.dll (API version 3709383).
LogModuleManager: Display: Found up-to-date module file ../../../Engine/Plugins/Experimental/CharacterAI/Binaries/Win64/UE4Editor-CharacterAI.dll (API version 3709383).
LogModuleManager: Display: Found up-to-date module file ../../../Engine/Plugins/Experimental/HTML5Networking/Binaries/Win64/UE4Editor-HTML5Networking.dll (API version 3709383).
LogModuleManager: Display: Found up-to-date module file ../../../Engine/Plugins/Media/AndroidMedia/Binaries/Win64/UE4Editor-AndroidMediaEditor.dll (API version 3709383).
LogModuleManager: Display: Found up-to-date module file ../../../Engine/Plugins/Media/AndroidMedia/Binaries/Win64/UE4Editor-AndroidMediaFactory.dll (API version 3709383).
LogModuleManager: Display: Found up-to-date module file ../../../Engine/Plugins/Media/AvfMedia/Binaries/Win64/UE4Editor-AvfMediaEditor.dll (API version 3709383).
LogModuleManager: Display: Found up-to-date module file ../../../Engine/Plugins/Media/AvfMedia/Binaries/Win64/UE4Editor-AvfMediaFactory.dll (API version 3709383).
LogModuleManager: Display: Found up-to-date module file ../../../Engine/Plugins/Media/AvfMedia/Binaries/Win64/UE4Editor-AvfMediaFactory.dll (API version 3709383).
LogModuleManager: Display: Found up-to-date module file ../../../Engine/Plugins/Media/ImgMedia/Binaries/Win64/UE4Editor-ImgMedia.dll (API version 3709383).
LogModuleManager: Display: Found up-to-date module file ../../../Engine/Plugins/Media/ImgMedia/Binaries/Win64/UE4Editor-ImgMediaEditor.dll (API version 3709383).
LogModuleManager: Display: Found up-to-date module file ../../../Engine/Plugins/Media/ImgMedia/Binaries/Win64/UE4Editor-ImgMediaFactory.dll (API version 3709383).
LogModuleManager: Display: Found up-to-date module file ../../../Engine/Plugins/Media/ImgMedia/Binaries/Win64/UE4Editor-ImgMediaFactory.dll (API version 3709383).
LogModuleManager: Display: Found up-to-date module file ../../../Engine/Plugins/Media/ImgMedia/Binaries/Win64/UE4Editor-OpenExrWrapper.dll (API version 3709383).
LogModuleManager: Display: Found up-to-date module file ../../../Engine/Plugins/Media/MediaCompositing/Binaries/Win64/UE4Editor-MediaCompositing.dll (API version 3709383).
LogModuleManager: Display: Found up-to-date module file ../../../Engine/Plugins/Media/MediaCompositing/Binaries/Win64/UE4Editor-MediaCompositingEditor.dll (API version 3709383).
LogModuleManager: Display: Found up-to-date module file ../../../Engine/Plugins/Media/MediaPlayerEditor/Binaries/Win64/UE4Editor-MediaPlayerEditor.dll (API version 3709383).
LogModuleManager: Display: Found up-to-date module file ../../../Engine/Plugins/Media/WmfMedia/Binaries/Win64/UE4Editor-WmfMedia.dll (API version 3709383).
LogModuleManager: Display: Found up-to-date module file ../../../Engine/Plugins/Media/WmfMedia/Binaries/Win64/UE4Editor-WmfMediaEditor.dll (API version 3709383).
LogModuleManager: Display: Found up-to-date module file ../../../Engine/Plugins/Media/WmfMedia/Binaries/Win64/UE4Editor-WmfMediaFactory.dll (API version 3709383).
LogModuleManager: Display: Found up-to-date module file ../../../Engine/Plugins/Media/WmfMedia/Binaries/Win64/UE4Editor-WmfMediaFactory.dll (API version 3709383).
LogModuleManager: Display: Found up-to-date module file ../../../Engine/Plugins/Messaging/TcpMessaging/Binaries/Win64/UE4Editor-TcpMessaging.dll (API version 3709383).
LogModuleManager: Display: Found up-to-date module file ../../../Engine/Plugins/Messaging/UdpMessaging/Binaries/Win64/UE4Editor-UdpMessaging.dll (API version 3709383).
LogModuleManager: Display: Found up-to-date module file ../../../Engine/Plugins/MovieScene/ActorSequence/Binaries/Win64/UE4Editor-ActorSequence.dll (API version 3709383).
LogModuleManager: Display: Found up-to-date module file ../../../Engine/Plugins/MovieScene/LevelSequenceEditor/Binaries/Win64/UE4Editor-LevelSequenceEditor.dll (API version 3709383).
LogModuleManager: Display: Found up-to-date module file ../../../Engine/Plugins/MovieScene/MatineeToLevelSequence/Binaries/Win64/UE4Editor-MatineeToLevelSequence.dll (API version 3709383).
LogModuleManager: Display: Found up-to-date module file ../../../Engine/Plugins/Online/OnlineSubsystem/Binaries/Win64/UE4Editor-OnlineSubsystem.dll (API version 3709383).
LogModuleManager: Display: Found up-to-date module file ../../../Engine/Plugins/Runtime/AndroidPermission/Binaries/Win64/UE4Editor-AndroidPermission.dll (API version 3709383).
LogModuleManager: Display: Found up-to-date module file ../../../Engine/Plugins/Online/OnlineSubsystemNull/Binaries/Win64/UE4Editor-OnlineSubsystemNull.dll (API version 3709383).
LogModuleManager: Display: Found up-to-date module file ../../../Engine/Plugins/Online/OnlineSubsystemUtils/Binaries/Win64/UE4Editor-OnlineSubsystemUtils.dll (API version 3709383).
LogModuleManager: Display: Found up-to-date module file ../../../Engine/Plugins/Online/OnlineSubsystemUtils/Binaries/Win64/UE4Editor-OnlineBlueprintSupport.dll (API version 3709383).
LogModuleManager: Display: Found up-to-date module file ../../../Engine/Plugins/Runtime/AndroidDeviceProfileSelector/Binaries/Win64/UE4Editor-AndroidDeviceProfileSelector.dll (API version 3709383).
LogModuleManager: Display: Found up-to-date module file ../../../Engine/Plugins/Runtime/AppleARKit/Binaries/Win64/UE4Editor-AppleARKit.dll (API version 3709383).
LogModuleManager: Display: Found up-to-date module file ../../../Engine/Plugins/Runtime/ArchVisCharacter/Binaries/Win64/UE4Editor-ArchVisCharacter.dll (API version 3709383).
LogModuleManager: Display: Found up-to-date module file ../../../Engine/Plugins/Runtime/CableComponent/Binaries/Win64/UE4Editor-CableComponent.dll (API version 3709383).
LogModuleManager: Display: Found up-to-date module file ../../../Engine/Plugins/Runtime/CustomMeshComponent/Binaries/Win64/UE4Editor-CustomMeshComponent.dll (API version 3709383).
LogModuleManager: Display: Found up-to-date module file ../../../Engine/Plugins/Runtime/ExampleDeviceProfileSelector/Binaries/Win64/UE4Editor-ExampleDeviceProfileSelector.dll (API version 3709383).
LogModuleManager: Display: Found up-to-date module file ../../../Engine/Plugins/Runtime/ImmediatePhysics/Binaries/Win64/UE4Editor-ImmediatePhysics.dll (API version 3709383).
LogModuleManager: Display: Found up-to-date module file ../../../Engine/Plugins/Runtime/ImmediatePhysics/Binaries/Win64/UE4Editor-ImmediatePhysicsEditor.dll (API version 3709383).
LogModuleManager: Display: Found up-to-date module file ../../../Engine/Plugins/Runtime/LocationServicesBPLibrary/Binaries/Win64/UE4Editor-LocationServicesBPLibrary.dll (API version 3709383).
LogModuleManager: Display: Found up-to-date module file ../../../Engine/Plugins/Runtime/MobilePatchingUtils/Binaries/Win64/UE4Editor-MobilePatchingUtils.dll (API version 3709383).
LogModuleManager: Display: Found up-to-date module file ../../../Engine/Plugins/Runtime/Oculus/OculusVR/Binaries/Win64/UE4Editor-OculusHMD.dll (API version 3709383).
LogModuleManager: Display: Found up-to-date module file ../../../Engine/Plugins/Runtime/Oculus/OculusVR/Binaries/Win64/UE4Editor-OculusInput.dll (API version 3709383).
LogModuleManager: Display: Found up-to-date module file ../../../Engine/Plugins/Runtime/Oculus/OculusVR/Binaries/Win64/UE4Editor-OculusEditor.dll (API version 3709383).
LogModuleManager: Display: Found up-to-date module file ../../../Engine/Plugins/Runtime/PhysXVehicles/Binaries/Win64/UE4Editor-PhysXVehicles.dll (API version 3709383).
LogModuleManager: Display: Found up-to-date module file ../../../Engine/Plugins/Runtime/PhysXVehicles/Binaries/Win64/UE4Editor-PhysXVehiclesEditor.dll (API version 3709383).
LogModuleManager: Display: Found up-to-date module file ../../../Engine/Plugins/Runtime/ProceduralMeshComponent/Binaries/Win64/UE4Editor-ProceduralMeshComponent.dll (API version 3709383).
LogModuleManager: Display: Found up-to-date module file ../../../Engine/Plugins/Runtime/ProceduralMeshComponent/Binaries/Win64/UE4Editor-ProceduralMeshComponentEditor.dll (API version 3709383).
LogModuleManager: Display: Found up-to-date module file ../../../Engine/Plugins/Runtime/RuntimePhysXCooking/Binaries/Win64/UE4Editor-RuntimePhysXCooking.dll (API version 3709383).
LogModuleManager: Display: Found up-to-date module file ../../../Engine/Plugins/Runtime/Steam/SteamVR/Binaries/Win64/UE4Editor-SteamVR.dll (API version 3709383).
LogModuleManager: Display: Found up-to-date module file ../../../Engine/Plugins/Runtime/Steam/SteamVR/Binaries/Win64/UE4Editor-SteamVRController.dll (API version 3709383).
LogModuleManager: Display: Found up-to-date module file ../../../Engine/Plugins/Runtime/WindowsMoviePlayer/Binaries/Win64/UE4Editor-WindowsMoviePlayer.dll (API version 3709383).
LogPluginManager: Mounting plugin Paper2D
LogPluginManager: Mounting plugin LightPropagationVolume
LogPluginManager: Mounting plugin CodeLiteSourceCodeAccess
LogPluginManager: Mounting plugin GitSourceControl
LogPluginManager: Mounting plugin KDevelopSourceCodeAccess
LogPluginManager: Mounting plugin NullSourceCodeAccess
LogPluginManager: Mounting plugin PerforceSourceControl
LogPluginManager: Mounting plugin SubversionSourceControl
LogPluginManager: Mounting plugin UObjectPlugin
LogPluginManager: Mounting plugin VisualStudioCodeSourceCodeAccess
LogPluginManager: Mounting plugin VisualStudioSourceCodeAccess
LogPluginManager: Mounting plugin XCodeSourceCodeAccess
LogPluginManager: Mounting plugin AssetManagerEditor
LogPluginManager: Mounting plugin AudioCapture
LogPluginManager: Mounting plugin FacialAnimation
LogPluginManager: Mounting plugin GameplayTagsEditor
LogPluginManager: Mounting plugin MobileLauncherProfileWizard
LogPluginManager: Mounting plugin PluginBrowser
LogPluginManager: Mounting plugin SpeedTreeImporter
LogPluginManager: Mounting plugin AlembicImporter
LogPluginManager: Mounting plugin CharacterAI
LogPluginManager: Mounting plugin HTML5Networking
LogPluginManager: Mounting plugin AndroidMedia
LogPluginManager: Mounting plugin AvfMedia
LogPluginManager: Mounting plugin ImgMedia
LogPluginManager: Mounting plugin MediaCompositing
LogPluginManager: Mounting plugin MediaPlayerEditor
LogPluginManager: Mounting plugin WmfMedia
LogPluginManager: Mounting plugin TcpMessaging
LogPluginManager: Mounting plugin UdpMessaging
LogPluginManager: Mounting plugin ActorSequence
LogPluginManager: Mounting plugin LevelSequenceEditor
LogPluginManager: Mounting plugin MatineeToLevelSequence
LogPluginManager: Mounting plugin OnlineSubsystemGooglePlay
LogPluginManager: Mounting plugin OnlineSubsystemIOS
LogPluginManager: Mounting plugin OnlineSubsystem
LogPluginManager: Mounting plugin OnlineSubsystemNull
LogPluginManager: Mounting plugin OnlineSubsystemUtils
LogPluginManager: Mounting plugin AndroidDeviceProfileSelector
LogPluginManager: Mounting plugin AndroidMoviePlayer
LogPluginManager: Mounting plugin AndroidPermission
LogPluginManager: Mounting plugin AppleARKit
LogPluginManager: Mounting plugin AppleMoviePlayer
LogPluginManager: Mounting plugin ArchVisCharacter
LogPluginManager: Mounting plugin CableComponent
LogPluginManager: Mounting plugin CustomMeshComponent
LogPluginManager: Mounting plugin ExampleDeviceProfileSelector
LogPluginManager: Mounting plugin GoogleCloudMessaging
LogPluginManager: Mounting plugin ImmediatePhysics
LogPluginManager: Mounting plugin IOSDeviceProfileSelector
LogPluginManager: Mounting plugin LinuxDeviceProfileSelector
LogPluginManager: Mounting plugin LocationServicesBPLibrary
LogPluginManager: Mounting plugin MobilePatchingUtils
LogPluginManager: Mounting plugin OculusVR
LogPluginManager: Plugin shader directory ../../../Engine/Plugins/Runtime/Oculus/OculusVR/Shaders found
LogPluginManager: Mapping shader source directory ../../../Engine/Plugins/Runtime/Oculus/OculusVR/Shaders to virtual directory /Plugin/OculusVR
LogPluginManager: Mounting plugin PhysXVehicles
LogPluginManager: Mounting plugin ProceduralMeshComponent
LogPluginManager: Mounting plugin RuntimePhysXCooking
LogPluginManager: Mounting plugin SteamVR
LogPluginManager: Mounting plugin WindowsMoviePlayer
LogInit: Using libcurl 7.47.1
LogInit:  - built for x86_64-pc-win32
LogInit:  - supports SSL with OpenSSL/1.0.2g
LogInit:  - supports HTTP deflate (compression) using libz 1.2.8
LogInit:  - other features:
LogInit:      CURL_VERSION_SSL
LogInit:      CURL_VERSION_LIBZ
LogInit:      CURL_VERSION_IPV6
LogInit:      CURL_VERSION_ASYNCHDNS
LogInit:      CURL_VERSION_LARGEFILE
LogInit:      CURL_VERSION_IDN
LogInit:  CurlRequestOptions (configurable via config and command line):
LogInit:  - bVerifyPeer = false  - Libcurl will NOT verify peer certificate
LogInit:  - bUseHttpProxy = false  - Libcurl will NOT use HTTP proxy
LogInit:  - bDontReuseConnections = false  - Libcurl will reuse connections
LogInit:  - CertBundlePath = nullptr  - Libcurl will use whatever was configured at build time.
LogInit: Build: ++UE4+Release-4.18-CL-3754814
LogInit: Engine Version: 4.18.1-3754814+++UE4+Release-4.18
LogInit: Compatible Engine Version: 4.18.0-3709383+++UE4+Release-4.18
LogInit: Net CL: 3709383
LogDevObjectVersion: Number of dev versions registered: 16
LogDevObjectVersion:   Dev-Blueprints (B0D832E4-1F89-4F0D-ACCF-7EB736FD4AA2): 10
LogDevObjectVersion:   Dev-Build (E1C64328-A22C-4D53-A36C-8E866417BD8C): 0
LogDevObjectVersion:   Dev-Core (375EC13C-06E4-48FB-B500-84F0262A717E): 2
LogDevObjectVersion:   Dev-Editor (E4B068ED-F494-42E9-A231-DA0B2E46BB41): 20
LogDevObjectVersion:   Dev-Framework (CFFC743F-43B0-4480-9391-14DF171D2073): 30
LogDevObjectVersion:   Dev-Mobile (B02B49B5-BB20-44E9-A304-32B752E40360): 0
LogDevObjectVersion:   Dev-Networking (A4E4105C-59A1-49B5-A7C5-40C4547EDFEE): 0
LogDevObjectVersion:   Dev-Online (39C831C9-5AE6-47DC-9A44-9C173E1C8E7C): 0
LogDevObjectVersion:   Dev-Physics (78F01B33-EBEA-4F98-B9B4-84EACCB95AA2): 0
LogDevObjectVersion:   Dev-Platform (6631380F-2D4D-43E0-8009-CF276956A95A): 0
LogDevObjectVersion:   Dev-Rendering (12F88B9F-8875-4AFC-A67C-D90C383ABD29): 20
LogDevObjectVersion:   Dev-Sequencer (7B5AE74C-D270-4C10-A958-57980B212A5A): 4
LogDevObjectVersion:   Dev-VR (D7296918-1DD6-4BDD-9DE2-64A83CC13884): 0
LogDevObjectVersion:   Dev-LoadTimes (C2A15278-BFE7-4AFE-6C17-90FF531DF755): 1
LogDevObjectVersion:   Private-Geometry (6EACA3D4-40EC-4CC1-B786-8BED09428FC5): 1
LogDevObjectVersion:   Dev-AnimPhys (29E575DD-E0A3-4627-9D10-D276232CDCEA): 12
LogInit: Compiled (64-bit): Nov 14 2017 02:05:55
LogInit: Compiled with Visual C++: 19.00.24215.01
LogInit: Build Configuration: Development
LogInit: Branch Name: ++UE4+Release-4.18
LogInit: Command line: -EpicPortal 
LogInit: Base directory: D:/Epic Games/UE_4.18/Engine/Binaries/Win64/
LogInit: Installed Engine Build: 1
LogInit: Presizing for max 8388607 objects, including 0 objects not considered by GC, pre-allocating 0 bytes for permanent pool.
LogInit: Object subsystem initialized
[2017.12.04-06.02.27:077][  0]LogInit: Selected Device Profile: [Windows]
[2017.12.04-06.02.27:077][  0]LogInit: Applying CVar settings loaded from the selected device profile: [Windows]
[2017.12.04-06.02.27:126][  0]LogInit: Computer: JEON
[2017.12.04-06.02.27:126][  0]LogInit: User: Jeon
[2017.12.04-06.02.27:126][  0]LogInit: CPU Page size=4096, Cores=4
[2017.12.04-06.02.27:126][  0]LogInit: High frequency timer resolution =2.742190 MHz
[2017.12.04-06.02.27:126][  0]LogMemory: Memory total: Physical=7.9GB (8GB approx)
[2017.12.04-06.02.27:126][  0]LogMemory: Platform Memory Stats for Windows
[2017.12.04-06.02.27:126][  0]LogMemory: Process Physical Memory: 272.58 MB used, 272.58 MB peak
[2017.12.04-06.02.27:126][  0]LogMemory: Process Virtual Memory: 269.94 MB used, 269.94 MB peak
[2017.12.04-06.02.27:126][  0]LogMemory: Physical Memory: 5840.03 MB used,  2227.13 MB free, 8067.16 MB total
[2017.12.04-06.02.27:126][  0]LogMemory: Virtual Memory: 677.27 MB used,  2227.13 MB free, 134217728.00 MB total
[2017.12.04-06.02.27:229][  0]LogInit: Overriding language with editor language configuration option (ko).
[2017.12.04-06.02.27:229][  0]LogInit: Overriding locale with editor locale configuration option (ko).
[2017.12.04-06.02.27:412][  0]LogInit: Setting process to per monitor DPI aware
[2017.12.04-06.02.27:683][  0]LogD3D11RHI: D3D11 adapters:
[2017.12.04-06.02.27:747][  0]LogD3D11RHI:    0. 'NVIDIA GeForce GTX 1050 Ti' (Feature Level 11_0)
[2017.12.04-06.02.27:747][  0]LogD3D11RHI:       4016/0/4033 MB DedicatedVideo/DedicatedSystem/SharedSystem, Outputs:1, VendorId:0x10de
[2017.12.04-06.02.27:755][  0]LogD3D11RHI:    1. 'Intel(R) HD Graphics 630' (Feature Level 11_0)
[2017.12.04-06.02.27:755][  0]LogD3D11RHI:       128/0/4033 MB DedicatedVideo/DedicatedSystem/SharedSystem, Outputs:0, VendorId:0x8086
[2017.12.04-06.02.27:757][  0]LogD3D11RHI:    2. 'Microsoft Basic Render Driver' (Feature Level 11_0)
[2017.12.04-06.02.27:757][  0]LogD3D11RHI:       0/0/4033 MB DedicatedVideo/DedicatedSystem/SharedSystem, Outputs:0, VendorId:0x1414
[2017.12.04-06.02.27:757][  0]LogD3D11RHI: Chosen D3D11 Adapter: 0
[2017.12.04-06.02.27:763][  0]LogD3D11RHI: Creating new Direct3DDevice
[2017.12.04-06.02.27:763][  0]LogD3D11RHI:     GPU DeviceId: 0x1c8c (for the marketing name, search the web for "GPU Device Id")
[2017.12.04-06.02.27:763][  0]LogWindows: EnumDisplayDevices:
[2017.12.04-06.02.27:763][  0]LogWindows:    0. 'Intel(R) HD Graphics 630' (P:1 D:1)
[2017.12.04-06.02.27:764][  0]LogWindows:    1. 'Intel(R) HD Graphics 630' (P:0 D:0)
[2017.12.04-06.02.27:764][  0]LogWindows:    2. 'Intel(R) HD Graphics 630' (P:0 D:0)
[2017.12.04-06.02.27:764][  0]LogWindows: DebugString: GetVideoDriverDetailsInvalid PrimaryIsNotTheChoosenAdapter GetVideoDriverDetailsInvalid PrimaryIsNotTheChoosenAdapter GetVideoDriverDetailsInvalid PrimaryIsNotTheChoosenAdapter FoundDriverCount:0 
[2017.12.04-06.02.27:764][  0]LogD3D11RHI:     Adapter Name: NVIDIA GeForce GTX 1050 Ti
[2017.12.04-06.02.27:764][  0]LogD3D11RHI:   Driver Version: Unknown (internal:Unknown, unified:Unknown)
[2017.12.04-06.02.27:764][  0]LogD3D11RHI:      Driver Date: Unknown
[2017.12.04-06.02.27:764][  0]LogRHI: Texture pool is 2811 MB (70% of 4016 MB)
[2017.12.04-06.02.27:792][  0]LogD3D11RHI: Async texture creation enabled
[2017.12.04-06.02.27:806][  0]LogD3D11RHI: GPU Timing Frequency: 1000.000000 (Debug: 2 1)
[2017.12.04-06.02.27:808][  0]LogShaderCompilers: Guid format shader working directory is 16 characters bigger than the processId version (../../../../../ForYourStomach/Intermediate/Shaders/WorkingDirectory/1392/).
[2017.12.04-06.02.27:808][  0]LogShaderCompilers: Cleaned the shader compiler working directory 'C:/Users/Jeon/AppData/Local/Temp/UnrealShaderWorkingDir/81CF4DD34D3C801D9B1B3CADA5BDCB38/'.
[2017.12.04-06.02.27:808][  0]LogShaderCompilers: Display: Using Local Shader Compiler.
[2017.12.04-06.02.28:745][  0]LogTemp: Display: Loaded TP AllDesktopTargetPlatform
[2017.12.04-06.02.28:788][  0]LogTemp: Display: Loaded TP MacClientTargetPlatform
[2017.12.04-06.02.28:829][  0]LogTemp: Display: Loaded TP MacNoEditorTargetPlatform
[2017.12.04-06.02.28:884][  0]LogTemp: Display: Loaded TP MacServerTargetPlatform
[2017.12.04-06.02.28:928][  0]LogTemp: Display: Loaded TP MacTargetPlatform
[2017.12.04-06.02.28:969][  0]LogTemp: Display: Loaded TP WindowsClientTargetPlatform
[2017.12.04-06.02.29:008][  0]LogTemp: Display: Loaded TP WindowsNoEditorTargetPlatform
[2017.12.04-06.02.29:047][  0]LogTemp: Display: Loaded TP WindowsServerTargetPlatform
[2017.12.04-06.02.29:081][  0]LogTemp: Display: Loaded TP WindowsTargetPlatform
[2017.12.04-06.02.29:122][  0]LogTemp: Display: Loaded TP Android_ASTCTargetPlatform
[2017.12.04-06.02.29:165][  0]LogTemp: Display: Loaded TP Android_ATCTargetPlatform
[2017.12.04-06.02.29:204][  0]LogTemp: Display: Loaded TP Android_DXTTargetPlatform
[2017.12.04-06.02.29:245][  0]LogTemp: Display: Loaded TP Android_ETC1TargetPlatform
[2017.12.04-06.02.29:287][  0]LogTemp: Display: Loaded TP Android_ETC2TargetPlatform
[2017.12.04-06.02.29:368][  0]LogTemp: Display: Loaded TP Android_MultiTargetPlatform
[2017.12.04-06.02.29:368][  0]LogTemp: Display: Loaded TP Android_PVRTCTargetPlatform
[2017.12.04-06.02.29:409][  0]LogTemp: Display: Loaded TP AndroidTargetPlatform
[2017.12.04-06.02.29:439][  0]LogTemp: Display: Loaded TP HTML5TargetPlatform
[2017.12.04-06.02.29:512][  0]LogTemp: Display: Loaded TP IOSTargetPlatform
[2017.12.04-06.02.29:532][  0]LogTemp: Display: Loaded TP TVOSTargetPlatform
[2017.12.04-06.02.29:587][  0]LogTemp: Display: Loaded TP LinuxClientTargetPlatform
[2017.12.04-06.02.29:630][  0]LogTemp: Display: Loaded TP LinuxNoEditorTargetPlatform
[2017.12.04-06.02.29:671][  0]LogTemp: Display: Loaded TP LinuxServerTargetPlatform
[2017.12.04-06.02.29:709][  0]LogTemp: Display: Loaded TP LinuxTargetPlatform
[2017.12.04-06.02.29:709][  0]LogTargetPlatformManager: Display: Building Assets For Windows
[2017.12.04-06.02.30:046][  0]LogDerivedDataCache: Display: Max Cache Size: 512 MB
[2017.12.04-06.02.30:132][  0]LogDerivedDataCache: Loaded boot cache 0.09s 89MB C:/Users/Jeon/AppData/Local/UnrealEngine/4.18/DerivedDataCache/Boot.ddc.
[2017.12.04-06.02.30:132][  0]LogDerivedDataCache: Display: Loaded Boot cache: C:/Users/Jeon/AppData/Local/UnrealEngine/4.18/DerivedDataCache/Boot.ddc
[2017.12.04-06.02.30:132][  0]LogDerivedDataCache: FDerivedDataBackendGraph:  Pak pak cache file ../../../../../ForYourStomach/DerivedDataCache/DDC.ddp not found, will not use a pak cache.
[2017.12.04-06.02.30:132][  0]LogDerivedDataCache: Unable to find inner node Pak for hierarchical cache Hierarchy.
[2017.12.04-06.02.30:132][  0]LogDerivedDataCache: FDerivedDataBackendGraph:  CompressedPak pak cache file ../../../../../ForYourStomach/DerivedDataCache/Compressed.ddp not found, will not use a pak cache.
[2017.12.04-06.02.30:132][  0]LogDerivedDataCache: Unable to find inner node CompressedPak for hierarchical cache Hierarchy.
[2017.12.04-06.02.30:147][  0]LogDerivedDataCache: Display: Pak cache opened for reading ../../../Engine/DerivedDataCache/Compressed.ddp.
[2017.12.04-06.02.30:160][  0]LogDerivedDataCache: Using Local data cache path C:/Users/Jeon/AppData/Local/UnrealEngine/Common/DerivedDataCache: Writable
[2017.12.04-06.02.30:169][  0]LogMaterial: Verifying Global Shaders for PCD3D_SM5
[2017.12.04-06.02.30:170][  0]LogSlate: Using Freetype 2.6.0
[2017.12.04-06.02.30:170][  0]LogSlate: SlateFontCache - WITH_FREETYPE: 1, WITH_HARFBUZZ: 1
[2017.12.04-06.02.30:170][  0]LogSlate: SlateFontCache - WITH_FREETYPE: 1, WITH_HARFBUZZ: 1
[2017.12.04-06.02.30:573][  0]LogInit: Selected Device Profile: [Windows]
[2017.12.04-06.02.30:828][  0]LogSimplygon: Simplygon DLL not present - disabling.
[2017.12.04-06.02.30:858][  0]LogMeshReduction: Using SimplygonSwarm for distributed automatic mesh merging
[2017.12.04-06.02.30:858][  0]LogMeshReduction: Using QuadricMeshReduction for automatic static mesh reduction
[2017.12.04-06.02.30:858][  0]LogMeshReduction: No automatic skeletal mesh reduction module available
[2017.12.04-06.02.30:858][  0]LogMeshReduction: No automatic mesh merging module available
[2017.12.04-06.02.30:858][  0]LogMeshMerging: No automatic mesh merging module available
[2017.12.04-06.02.30:890][  0]LogNetVersion: ForYourStomach , NetCL: 3709383, EngineNetVer: 2, GameNetVer: 0 (Checksum: 2456255485)
[2017.12.04-06.02.31:041][  0]LogAssetRegistry: FAssetRegistry took 0.0259 seconds to start up
[2017.12.04-06.02.31:682][  0]LogPackageLocalizationCache: Processed 7 localized package path(s) for 1 prioritized culture(s) in 0.065928 seconds
[2017.12.04-06.02.31:687][  0]LogUObjectArray: 35900 objects as part of root set at end of initial load.
[2017.12.04-06.02.31:687][  0]LogUObjectAllocator: 7372016 out of 0 bytes used by permanent object pool.
[2017.12.04-06.02.31:687][  0]LogUObjectArray: CloseDisregardForGC: 0/0 objects in disregard for GC pool
[2017.12.04-06.02.31:718][  0]LogInit: WinSock: version 1.1 (2.2), MaxSocks=32767, MaxUdp=65467
[2017.12.04-06.02.35:502][  0]LogTcpMessaging: Initializing TcpMessaging bridge
[2017.12.04-06.02.35:542][  0]LogUdpMessaging: Initializing bridge on interface 0.0.0.0:0 to multicast group 230.0.0.1:6666.
[2017.12.04-06.02.36:245][  0]LogMaterial: Uniform references updated for custom material expression Custom.
[2017.12.04-06.02.36:646][  0]SourceControl: 소스 콘트롤이 꺼졌습니다.
[2017.12.04-06.02.36:646][  0]SourceControl: 소스 콘트롤이 꺼졌습니다.
[2017.12.04-06.02.36:693][  0]SourceControl: 소스 콘트롤이 꺼졌습니다.
[2017.12.04-06.02.36:739][  0]SourceControl: 소스 콘트롤이 꺼졌습니다.
[2017.12.04-06.02.37:524][  0]LogAndroidPermission: UAndroidPermissionCallbackProxy::GetInstance
[2017.12.04-06.02.37:731][  0]LogOcInput: OculusInput pre-init called
[2017.12.04-06.02.37:943][  0]LogEngine: Initializing Engine...
[2017.12.04-06.02.37:946][  0]LogHMD: Failed to initialize OpenVR with code 110
[2017.12.04-06.02.38:176][  0]LogStats: UGameplayTagsManager::ConstructGameplayTagTree: Construct from data asset -  0.000 s
[2017.12.04-06.02.38:176][  0]LogStats: UGameplayTagsManager::ConstructGameplayTagTree: GameplayTagTreeChangedEvent.Broadcast -  0.000 s
[2017.12.04-06.02.38:370][  0]LogAIModule: Creating AISystem for world Untitled
[2017.12.04-06.02.38:382][  0]LogInit: XAudio2 using '스피커(Realtek High Definition Audio)' : 2 channels at 48 kHz using 32 bits per sample (channel mask 0x3)
[2017.12.04-06.02.38:407][  0]LogInit: FAudioDevice initialized.
[2017.12.04-06.02.38:487][  0]LogDerivedDataCache: Saved boot cache 0.08s 89MB C:/Users/Jeon/AppData/Local/UnrealEngine/4.18/DerivedDataCache/Boot.ddc.
[2017.12.04-06.02.38:508][  0]LogInit: Texture streaming: Enabled
[2017.12.04-06.02.38:791][  0]LogEngineSessionManager: EngineSessionManager initialized
[2017.12.04-06.02.39:025][  0]LogInit: Transaction tracking system initialized
[2017.12.04-06.02.39:350][  0]BlueprintLog: New page: 에디터 로드
[2017.12.04-06.02.40:098][  0]LocalizationService: 현지화 서비스가 비활성화되었습니다.
[2017.12.04-06.02.40:753][  0]LogConsoleResponse: Display: 
[2017.12.04-06.02.40:961][  0]LogCook: Display: Max memory allowance for cook 16384mb min free memory 0mb
[2017.12.04-06.02.40:961][  0]LogCook: Display: Mobile HDR setting 1
[2017.12.04-06.02.40:961][  0]LogGameplayTags: Display: UGameplayTagsManager::DoneAddingNativeTags. DelegateIsBound: 0
[2017.12.04-06.02.41:201][  0]LogFileCache: Scanning file cache for directory 'D:/ForYourStomach/Content/' took 0.04s
[2017.12.04-06.02.42:117][  0]SourceControl: 소스 콘트롤이 꺼졌습니다.
[2017.12.04-06.02.42:117][  0]Cmd: MAP LOAD FILE="../../../../../ForYourStomach/Content/TopDownBP/Maps/TopDownExampleMap.umap" TEMPLATE=0 SHOWPROGRESS=1 FEATURELEVEL=3
[2017.12.04-06.02.42:117][  0]LightingResults: New page: 라이팅 빌드
[2017.12.04-06.02.42:152][  0]MapCheck: New page: 맵 체크
[2017.12.04-06.02.42:152][  0]LightingResults: New page: 라이팅 빌드
[2017.12.04-06.02.45:394][  0]LogAIModule: Creating AISystem for world TopDownExampleMap
[2017.12.04-06.02.45:402][  0]LogEditorServer: Finished looking for orphan Actors (0.000 secs)
[2017.12.04-06.02.45:416][  0]Cmd: MAP CHECKDEP NOCLEARLOG
[2017.12.04-06.02.45:460][  0]MapCheck: 맵 체크 완료: 오류 0 회, 경고 0 회, 소요 시간 44.532ms.
[2017.12.04-06.02.45:460][  0]LogFileHelpers: Loading map 'TopDownExampleMap' took 3.343
[2017.12.04-06.02.45:653][  0]LogCollectionManager: Loaded 0 collections in 0.011113 seconds
[2017.12.04-06.02.45:720][  0]LogFileCache: Scanning file cache for directory 'D:/ForYourStomach/Saved/Collections/' took 0.01s
[2017.12.04-06.02.45:720][  0]LogFileCache: Scanning file cache for directory 'D:/ForYourStomach/Content/Developers/Jeon/Collections/' took 0.01s
[2017.12.04-06.02.45:720][  0]LogFileCache: Scanning file cache for directory 'D:/ForYourStomach/Content/Collections/' took 0.01s
[2017.12.04-06.02.45:720][  0]LogCollectionManager: Rebuilt the GUID cache for 0 collections in 0.000000 seconds
[2017.12.04-06.02.45:728][  0]LogContentBrowser: Native class hierarchy populated in 0.0074 seconds. Added 2363 classes and 519 folders.
[2017.12.04-06.02.45:772][  0]LogContentBrowser: Native class hierarchy updated for 'WidgetCarousel' in 0.0002 seconds. Added 0 classes and 0 folders.
[2017.12.04-06.02.47:381][  0]LogContentBrowser: Native class hierarchy updated for 'AddContentDialog' in 0.0002 seconds. Added 0 classes and 0 folders.
[2017.12.04-06.02.47:445][  0]LogContentBrowser: Native class hierarchy updated for 'SceneOutliner' in 0.0003 seconds. Added 1 classes and 2 folders.
[2017.12.04-06.02.47:491][  0]LogSlate: Took 0.000412 seconds to synchronously load lazily loaded font '../../../Engine/Content/Slate/Fonts/Roboto-Regular.ttf' (155K)
[2017.12.04-06.02.47:498][  0]LogSlate: Took 0.005542 seconds to synchronously load lazily loaded font '../../../Engine/Content/Slate/Fonts/NanumGothic.ttf' (4243K)
[2017.12.04-06.02.47:500][  0]LogSlate: Took 0.000335 seconds to synchronously load lazily loaded font '../../../Engine/Content/Slate/Fonts/Roboto-Bold.ttf' (160K)
[2017.12.04-06.02.47:549][  0]LogSlate: Took 0.040119 seconds to synchronously load lazily loaded font '../../../Engine/Content/Editor/Slate/Fonts/FontAwesome.ttf' (139K)
[2017.12.04-06.02.47:692][  0]LogRenderer: Reallocating scene render targets to support 1208x576 Format 10 NumSamples 1 (Frame:1).
[2017.12.04-06.02.47:846][  0]LogContentBrowser: Native class hierarchy updated for 'HierarchicalLODOutliner' in 0.0002 seconds. Added 1 classes and 2 folders.
[2017.12.04-06.02.47:846][  0]LogLoad: (Engine Initialization) Total time: 23.48 seconds
[2017.12.04-06.02.47:846][  0]LogLoad: (Engine Initialization) Total Blueprint compile time: 0.00 seconds
[2017.12.04-06.02.47:846][  0]LogExternalProfiler: Found external profiler: VSPerf
[2017.12.04-06.02.47:846][  0]LogExternalProfiler: Using external profiler: VSPerf
[2017.12.04-06.02.48:207][  0]LogContentStreaming: Texture pool size now 800 MB
[2017.12.04-06.02.48:242][  0]LogSlate: Took 0.000168 seconds to synchronously load lazily loaded font '../../../Engine/Content/Slate/Fonts/Roboto-Light.ttf' (159K)
[2017.12.04-06.02.48:535][  1]LogAssetRegistry: Asset discovery search completed in 17.5166 seconds
[2017.12.04-06.02.48:538][  1]LogCollectionManager: Rebuilt the object cache for 0 collections in 0.000000 seconds (found 0 objects)
[2017.12.04-06.02.48:538][  1]LogCollectionManager: Fixed up redirectors for 0 collections in 0.000130 seconds (updated 0 objects)
[2017.12.04-06.02.49:188][  3]LogSlate: Took 0.000217 seconds to synchronously load lazily loaded font '../../../Engine/Content/Slate/Fonts/Roboto-Light.ttf' (159K)
[2017.12.04-06.02.57:614][332]LogSlate: Took 0.000164 seconds to synchronously load lazily loaded font '../../../Engine/Content/Slate/Fonts/Roboto-Light.ttf' (159K)
[2017.12.04-06.02.57:875][332]LogContentBrowser: Native class hierarchy updated for 'BlueprintGraph' in 0.0005 seconds. Added 116 classes and 0 folders.
[2017.12.04-06.02.58:417][332]LogSlate: Took 0.000142 seconds to synchronously load lazily loaded font '../../../Engine/Content/Slate/Fonts/Roboto-Regular.ttf' (155K)
[2017.12.04-06.03.00:847][448]LogSlate: Took 0.000237 seconds to synchronously load lazily loaded font '../../../Engine/Content/Editor/Slate/Fonts/Roboto-BoldCondensed.ttf' (158K)
[2017.12.04-06.03.43:279][435]LogSlate: Took 0.000177 seconds to synchronously load lazily loaded font '../../../Engine/Content/Editor/Slate/Fonts/Roboto-Italic.ttf' (157K)
[2017.12.04-06.04.54:181][623]Cmd: OBJ SAVEPACKAGE PACKAGE="/Game/TopDownBP/Blueprints/TopDownController" FILE="../../../../../ForYourStomach/Content/TopDownBP/Blueprints/TopDownController.uasset" SILENT=true
[2017.12.04-06.04.54:608][623]LogSavePackage: Save=18.18ms
[2017.12.04-06.04.54:608][623]LogSavePackage: Moving '../../../../../ForYourStomach/Saved/TopDownController23A152F847DFEA5AF19D57B7E8E576BD.tmp' to '../../../../../ForYourStomach/Content/TopDownBP/Blueprints/TopDownController.uasset'
[2017.12.04-06.04.54:611][623]LogSavePackage: Display: Finished SavePackage ../../../../../ForYourStomach/Content/TopDownBP/Blueprints/TopDownController.uasset
[2017.12.04-06.04.55:072][651]BlueprintLog: New page: TopDownController 컴파일
[2017.12.04-06.04.55:265][651]LogScript: Warning: CallFunc_K2_GetPawn_ReturnValue 프로퍼티를 읽으려던 중 None 에 접근했습니다.
	TopDownController_C /Engine/Transient.World_3:PersistentLevel.TopDownController_C_1
	Function /Game/TopDownBP/Blueprints/TopDownController.TopDownController_C:ExecuteUbergraph_TopDownController:00B7
[2017.12.04-06.04.55:265][651]LogScript: Warning: CallFunc_K2_GetPawn_ReturnValue 프로퍼티를 읽으려던 중 None 에 접근했습니다.
	TopDownController_C /Engine/Transient.World_3:PersistentLevel.TopDownController_C_1
	Function /Game/TopDownBP/Blueprints/TopDownController.TopDownController_C:ExecuteUbergraph_TopDownController:0047
[2017.12.04-06.04.55:279][652]LogScript: Warning: CallFunc_K2_GetPawn_ReturnValue 프로퍼티를 읽으려던 중 None 에 접근했습니다.
	TopDownController_C /Engine/Transient.World_3:PersistentLevel.TopDownController_C_1
	Function /Game/TopDownBP/Blueprints/TopDownController.TopDownController_C:ExecuteUbergraph_TopDownController:00B7
[2017.12.04-06.04.55:279][652]LogScript: Warning: CallFunc_K2_GetPawn_ReturnValue 프로퍼티를 읽으려던 중 None 에 접근했습니다.
	TopDownController_C /Engine/Transient.World_3:PersistentLevel.TopDownController_C_1
	Function /Game/TopDownBP/Blueprints/TopDownController.TopDownController_C:ExecuteUbergraph_TopDownController:0047
[2017.12.04-06.04.55:296][653]LogScript: Warning: CallFunc_K2_GetPawn_ReturnValue 프로퍼티를 읽으려던 중 None 에 접근했습니다.
	TopDownController_C /Engine/Transient.World_3:PersistentLevel.TopDownController_C_1
	Function /Game/TopDownBP/Blueprints/TopDownController.TopDownController_C:ExecuteUbergraph_TopDownController:00B7
[2017.12.04-06.04.55:296][653]LogScript: Warning: CallFunc_K2_GetPawn_ReturnValue 프로퍼티를 읽으려던 중 None 에 접근했습니다.
	TopDownController_C /Engine/Transient.World_3:PersistentLevel.TopDownController_C_1
	Function /Game/TopDownBP/Blueprints/TopDownController.TopDownController_C:ExecuteUbergraph_TopDownController:0047
[2017.12.04-06.04.55:311][654]LogScript: Warning: CallFunc_K2_GetPawn_ReturnValue 프로퍼티를 읽으려던 중 None 에 접근했습니다.
	TopDownController_C /Engine/Transient.World_3:PersistentLevel.TopDownController_C_1
	Function /Game/TopDownBP/Blueprints/TopDownController.TopDownController_C:ExecuteUbergraph_TopDownController:00B7
[2017.12.04-06.04.55:311][654]LogScript: Warning: CallFunc_K2_GetPawn_ReturnValue 프로퍼티를 읽으려던 중 None 에 접근했습니다.
	TopDownController_C /Engine/Transient.World_3:PersistentLevel.TopDownController_C_1
	Function /Game/TopDownBP/Blueprints/TopDownController.TopDownController_C:ExecuteUbergraph_TopDownController:0047
[2017.12.04-06.04.55:328][655]LogScript: Warning: CallFunc_K2_GetPawn_ReturnValue 프로퍼티를 읽으려던 중 None 에 접근했습니다.
	TopDownController_C /Engine/Transient.World_3:PersistentLevel.TopDownController_C_1
	Function /Game/TopDownBP/Blueprints/TopDownController.TopDownController_C:ExecuteUbergraph_TopDownController:00B7
[2017.12.04-06.04.55:328][655]LogScript: Warning: CallFunc_K2_GetPawn_ReturnValue 프로퍼티를 읽으려던 중 None 에 접근했습니다.
	TopDownController_C /Engine/Transient.World_3:PersistentLevel.TopDownController_C_1
	Function /Game/TopDownBP/Blueprints/TopDownController.TopDownController_C:ExecuteUbergraph_TopDownController:0047
[2017.12.04-06.04.55:344][656]LogScript: Warning: CallFunc_K2_GetPawn_ReturnValue 프로퍼티를 읽으려던 중 None 에 접근했습니다.
	TopDownController_C /Engine/Transient.World_3:PersistentLevel.TopDownController_C_1
	Function /Game/TopDownBP/Blueprints/TopDownController.TopDownController_C:ExecuteUbergraph_TopDownController:00B7
[2017.12.04-06.04.55:344][656]LogScript: Warning: CallFunc_K2_GetPawn_ReturnValue 프로퍼티를 읽으려던 중 None 에 접근했습니다.
	TopDownController_C /Engine/Transient.World_3:PersistentLevel.TopDownController_C_1
	Function /Game/TopDownBP/Blueprints/TopDownController.TopDownController_C:ExecuteUbergraph_TopDownController:0047
[2017.12.04-06.04.55:361][657]LogScript: Warning: CallFunc_K2_GetPawn_ReturnValue 프로퍼티를 읽으려던 중 None 에 접근했습니다.
	TopDownController_C /Engine/Transient.World_3:PersistentLevel.TopDownController_C_1
	Function /Game/TopDownBP/Blueprints/TopDownController.TopDownController_C:ExecuteUbergraph_TopDownController:00B7
[2017.12.04-06.04.55:361][657]LogScript: Warning: CallFunc_K2_GetPawn_ReturnValue 프로퍼티를 읽으려던 중 None 에 접근했습니다.
	TopDownController_C /Engine/Transient.World_3:PersistentLevel.TopDownController_C_1
	Function /Game/TopDownBP/Blueprints/TopDownController.TopDownController_C:ExecuteUbergraph_TopDownController:0047
[2017.12.04-06.04.55:377][658]LogScript: Warning: CallFunc_K2_GetPawn_ReturnValue 프로퍼티를 읽으려던 중 None 에 접근했습니다.
	TopDownController_C /Engine/Transient.World_3:PersistentLevel.TopDownController_C_1
	Function /Game/TopDownBP/Blueprints/TopDownController.TopDownController_C:ExecuteUbergraph_TopDownController:00B7
[2017.12.04-06.04.55:378][658]LogScript: Warning: CallFunc_K2_GetPawn_ReturnValue 프로퍼티를 읽으려던 중 None 에 접근했습니다.
	TopDownController_C /Engine/Transient.World_3:PersistentLevel.TopDownController_C_1
	Function /Game/TopDownBP/Blueprints/TopDownController.TopDownController_C:ExecuteUbergraph_TopDownController:0047
[2017.12.04-06.04.55:395][659]LogScript: Warning: CallFunc_K2_GetPawn_ReturnValue 프로퍼티를 읽으려던 중 None 에 접근했습니다.
	TopDownController_C /Engine/Transient.World_3:PersistentLevel.TopDownController_C_1
	Function /Game/TopDownBP/Blueprints/TopDownController.TopDownController_C:ExecuteUbergraph_TopDownController:00B7
[2017.12.04-06.04.55:877][688]LogTemp: Repeating last play command: 선택된 뷰포트
[2017.12.04-06.04.55:954][688]LogBlueprintUserMessages: Early PlayInEditor Detection: Level '/Game/TopDownBP/Maps/TopDownExampleMap.TopDownExampleMap:PersistentLevel' has LevelScriptBlueprint '/Game/TopDownBP/Maps/TopDownExampleMap.TopDownExampleMap:PersistentLevel.TopDownExampleMap' with GeneratedClass '/Game/TopDownBP/Maps/TopDownExampleMap.TopDownExampleMap_C' with ClassGeneratedBy '/Game/TopDownBP/Maps/TopDownExampleMap.TopDownExampleMap:PersistentLevel.TopDownExampleMap'
[2017.12.04-06.04.55:954][688]LogPlayLevel: PlayLevel: No blueprints needed recompiling
[2017.12.04-06.04.55:955][688]PIE: New page: PIE 세션: TopDownExampleMap (2017. 12. 5. 오전 12:04:55)
[2017.12.04-06.04.55:955][688]LogPlayLevel: Creating play world package: /Game/TopDownBP/Maps/UEDPIE_0_TopDownExampleMap
[2017.12.04-06.04.55:984][688]LogPlayLevel: PIE: StaticDuplicateObject took: (0.028837s)
[2017.12.04-06.04.55:985][688]LogAIModule: Creating AISystem for world TopDownExampleMap
[2017.12.04-06.04.55:985][688]LogPlayLevel: PIE: World Init took: (0.001411s)
[2017.12.04-06.04.55:985][688]LogPlayLevel: PIE: Created PIE world by copying editor world from /Game/TopDownBP/Maps/TopDownExampleMap.TopDownExampleMap to /Game/TopDownBP/Maps/UEDPIE_0_TopDownExampleMap.TopDownExampleMap (0.030616s)
[2017.12.04-06.04.56:007][688]LogInit: XAudio2 using '스피커(Realtek High Definition Audio)' : 2 channels at 48 kHz using 32 bits per sample (channel mask 0x3)
[2017.12.04-06.04.56:024][688]LogInit: FAudioDevice initialized.
[2017.12.04-06.04.56:075][688]LogLoad: Game class is 'TopDownGameMode_C'
[2017.12.04-06.04.56:079][688]LogWorld: Bringing World /Game/TopDownBP/Maps/UEDPIE_0_TopDownExampleMap.TopDownExampleMap up for play (max tick rate 60) at 2017.12.04-15.04.56
[2017.12.04-06.04.56:079][688]LogWorld: Bringing up level for play took: 0.001825
[2017.12.04-06.04.56:112][688]LogContentBrowser: Native class hierarchy updated for 'MovieSceneCapture' in 0.0003 seconds. Added 11 classes and 0 folders.
[2017.12.04-06.04.56:116][688]PIE: /Game/TopDownBP/Maps/UEDPIE_0_TopDownExampleMap 에 대한 에디터에서 플레이 시작 시간: 0.617
[2017.12.04-06.04.56:116][688]LogBlueprintUserMessages: Late PlayInEditor Detection: Level '/Game/TopDownBP/Maps/TopDownExampleMap.TopDownExampleMap:PersistentLevel' has LevelScriptBlueprint '/Game/TopDownBP/Maps/TopDownExampleMap.TopDownExampleMap:PersistentLevel.TopDownExampleMap' with GeneratedClass '/Game/TopDownBP/Maps/TopDownExampleMap.TopDownExampleMap_C' with ClassGeneratedBy '/Game/TopDownBP/Maps/TopDownExampleMap.TopDownExampleMap:PersistentLevel.TopDownExampleMap'
[2017.12.04-06.04.56:186][688]LogRenderer: Reallocating scene render targets to support 1208x656 Format 10 NumSamples 1 (Frame:1).
[2017.12.04-06.05.01:077][973]LogBlueprintUserMessages: Early EndPlayMap Detection: Level '/Game/TopDownBP/Maps/TopDownExampleMap.TopDownExampleMap:PersistentLevel' has LevelScriptBlueprint '/Game/TopDownBP/Maps/TopDownExampleMap.TopDownExampleMap:PersistentLevel.TopDownExampleMap' with GeneratedClass '/Game/TopDownBP/Maps/TopDownExampleMap.TopDownExampleMap_C' with ClassGeneratedBy '/Game/TopDownBP/Maps/TopDownExampleMap.TopDownExampleMap:PersistentLevel.TopDownExampleMap'
[2017.12.04-06.05.01:148][973]LogBlueprintUserMessages: Late EndPlayMap Detection: Level '/Game/TopDownBP/Maps/TopDownExampleMap.TopDownExampleMap:PersistentLevel' has LevelScriptBlueprint '/Game/TopDownBP/Maps/TopDownExampleMap.TopDownExampleMap:PersistentLevel.TopDownExampleMap' with GeneratedClass '/Game/TopDownBP/Maps/TopDownExampleMap.TopDownExampleMap_C' with ClassGeneratedBy '/Game/TopDownBP/Maps/TopDownExampleMap.TopDownExampleMap:PersistentLevel.TopDownExampleMap'
[2017.12.04-06.05.06:965][301]Cmd: OBJ SAVEPACKAGE PACKAGE="/Game/TopDownBP/Blueprints/TopDownController" FILE="../../../../../ForYourStomach/Content/TopDownBP/Blueprints/TopDownController.uasset" SILENT=true
[2017.12.04-06.05.06:987][301]LogSavePackage: Save=19.60ms
[2017.12.04-06.05.06:987][301]LogSavePackage: Moving '../../../../../ForYourStomach/Saved/TopDownController524536BF41400D91BD30E3A72BC66C67.tmp' to '../../../../../ForYourStomach/Content/TopDownBP/Blueprints/TopDownController.uasset'
[2017.12.04-06.05.06:988][301]LogSavePackage: Display: Finished SavePackage ../../../../../ForYourStomach/Content/TopDownBP/Blueprints/TopDownController.uasset
[2017.12.04-06.18.07:704][ 76]LogActorComponent: UnregisterComponent: (/Engine/Transient.EditorFloorComp) Not registered. Aborting.
[2017.12.04-06.18.07:763][ 76]LogWindowsTextInputMethodSystem: Display: IME system now activated using TSF (Microsoft 입력기).
[2017.12.04-06.18.07:946][ 77]Cmd: QUIT_EDITOR
[2017.12.04-06.18.08:972][ 77]LogExit: Preparing to exit.
[2017.12.04-06.18.10:053][ 77]LogDirectoryWatcher: A directory notification for 'D:/ForYourStomach/Content/' was aborted.
[2017.12.04-06.18.10:083][ 77]LogExit: Editor shut down
[2017.12.04-06.18.10:087][ 77]LogExit: Transaction tracking system shut down
[2017.12.04-06.18.10:220][ 77]LogDirectoryWatcher: A directory notification for '../../../Engine/Content/' was aborted.
[2017.12.04-06.18.10:221][ 77]LogDirectoryWatcher: A directory notification for '../../../../../ForYourStomach/Content/' was aborted.
[2017.12.04-06.18.10:221][ 77]LogDirectoryWatcher: A directory notification for '../../../Engine/Plugins/2D/Paper2D/Content/' was aborted.
[2017.12.04-06.18.10:221][ 77]LogDirectoryWatcher: A directory notification for '../../../Engine/Plugins/Media/MediaCompositing/Content/' was aborted.
[2017.12.04-06.18.10:221][ 77]LogDirectoryWatcher: A directory notification for '../../../Engine/Plugins/Runtime/AppleARKit/Content/' was aborted.
[2017.12.04-06.18.10:221][ 77]LogDirectoryWatcher: A directory notification for '../../../Engine/Plugins/Runtime/Oculus/OculusVR/Content/' was aborted.
[2017.12.04-06.18.10:221][ 77]LogDirectoryWatcher: A directory notification for '../../../Engine/Plugins/Runtime/Steam/SteamVR/Content/' was aborted.
[2017.12.04-06.18.10:292][ 77]LogExit: Object subsystem successfully closed.
[2017.12.04-06.18.10:307][ 77]LogD3D11RHI: Shutdown
[2017.12.04-06.18.10:307][ 77]LogD3D11RHI: CleanupD3DDevice
[2017.12.04-06.18.10:309][ 77]LogD3D11RHI: ~FD3D11DynamicRHI
[2017.12.04-06.18.10:316][ 77]LogModuleManager: Shutting down and abandoning module PortalProxies (554)
[2017.12.04-06.18.10:316][ 77]LogModuleManager: Shutting down and abandoning module MovieSceneCapture (552)
[2017.12.04-06.18.10:316][ 77]LogModuleManager: Shutting down and abandoning module BlueprintGraph (550)
[2017.12.04-06.18.10:316][ 77]LogModuleManager: Shutting down and abandoning module HierarchicalLODOutliner (548)
[2017.12.04-06.18.10:316][ 77]LogModuleManager: Shutting down and abandoning module SceneOutliner (546)
[2017.12.04-06.18.10:316][ 77]LogModuleManager: Shutting down and abandoning module AddContentDialog (544)
[2017.12.04-06.18.10:316][ 77]LogDirectoryWatcher: A directory notification for 'D:/Epic Games/UE_4.18/FeaturePacks/' was aborted.
[2017.12.04-06.18.10:317][ 77]LogModuleManager: Shutting down and abandoning module WidgetCarousel (543)
[2017.12.04-06.18.10:317][ 77]LogModuleManager: Shutting down and abandoning module EditorWidgets (540)
[2017.12.04-06.18.10:317][ 77]LogModuleManager: Shutting down and abandoning module CollectionManager (538)
[2017.12.04-06.18.10:317][ 77]LogDirectoryWatcher: A directory notification for 'D:/ForYourStomach/Content/Collections/' was aborted.
[2017.12.04-06.18.10:317][ 77]LogDirectoryWatcher: A directory notification for 'D:/ForYourStomach/Content/Developers/Jeon/Collections/' was aborted.
[2017.12.04-06.18.10:317][ 77]LogDirectoryWatcher: A directory notification for 'D:/ForYourStomach/Saved/Collections/' was aborted.
[2017.12.04-06.18.10:317][ 77]LogModuleManager: Shutting down and abandoning module StatsViewer (536)
[2017.12.04-06.18.10:317][ 77]LogModuleManager: Shutting down and abandoning module FoliageEdit (534)
[2017.12.04-06.18.10:317][ 77]LogModuleManager: Shutting down and abandoning module LandscapeEditor (532)
[2017.12.04-06.18.10:318][ 77]LogModuleManager: Shutting down and abandoning module MeshPaintMode (530)
[2017.12.04-06.18.10:318][ 77]LogModuleManager: Shutting down and abandoning module SceneDepthPickerMode (528)
[2017.12.04-06.18.10:318][ 77]LogModuleManager: Shutting down and abandoning module ActorPickerMode (526)
[2017.12.04-06.18.10:318][ 77]LogModuleManager: Shutting down and abandoning module GeometryMode (524)
[2017.12.04-06.18.10:318][ 77]LogModuleManager: Shutting down and abandoning module TextureAlignMode (522)
[2017.12.04-06.18.10:318][ 77]LogModuleManager: Shutting down and abandoning module BspMode (520)
[2017.12.04-06.18.10:318][ 77]LogModuleManager: Shutting down and abandoning module PIEPreviewDeviceProfileSelector (518)
[2017.12.04-06.18.10:318][ 77]LogModuleManager: Shutting down and abandoning module HardwareSurvey (516)
[2017.12.04-06.18.10:318][ 77]LogModuleManager: Shutting down and abandoning module SequenceRecorderSections (514)
[2017.12.04-06.18.10:318][ 77]LogModuleManager: Shutting down and abandoning module AutomationWorker (512)
[2017.12.04-06.18.10:318][ 77]LogModuleManager: Shutting down and abandoning module MatineeToLevelSequence (510)
[2017.12.04-06.18.10:318][ 77]LogModuleManager: Shutting down and abandoning module LevelSequenceEditor (508)
[2017.12.04-06.18.10:318][ 77]LogModuleManager: Shutting down and abandoning module PlacementMode (507)
[2017.12.04-06.18.10:318][ 77]LogModuleManager: Shutting down and abandoning module WmfMediaFactory (504)
[2017.12.04-06.18.10:318][ 77]LogModuleManager: Shutting down and abandoning module WmfMediaEditor (502)
[2017.12.04-06.18.10:318][ 77]LogModuleManager: Shutting down and abandoning module OpenExrWrapper (500)
[2017.12.04-06.18.10:318][ 77]LogModuleManager: Shutting down and abandoning module ImgMediaFactory (498)
[2017.12.04-06.18.10:318][ 77]LogModuleManager: Shutting down and abandoning module ImgMediaEditor (496)
[2017.12.04-06.18.10:318][ 77]LogModuleManager: Shutting down and abandoning module AvfMediaFactory (494)
[2017.12.04-06.18.10:318][ 77]LogModuleManager: Shutting down and abandoning module AvfMediaEditor (492)
[2017.12.04-06.18.10:318][ 77]LogModuleManager: Shutting down and abandoning module AndroidMediaFactory (490)
[2017.12.04-06.18.10:318][ 77]LogModuleManager: Shutting down and abandoning module AndroidMediaEditor (488)
[2017.12.04-06.18.10:318][ 77]LogModuleManager: Shutting down and abandoning module CharacterAI (486)
[2017.12.04-06.18.10:318][ 77]LogModuleManager: Shutting down and abandoning module AudioCapture (484)
[2017.12.04-06.18.10:318][ 77]LogModuleManager: Shutting down and abandoning module SequenceRecorder (483)
[2017.12.04-06.18.10:318][ 77]LogModuleManager: Shutting down and abandoning module SmartSnapping (480)
[2017.12.04-06.18.10:318][ 77]LogModuleManager: Shutting down and abandoning module SessionServices (478)
[2017.12.04-06.18.10:318][ 77]LogModuleManager: Shutting down and abandoning module ViewportSnapping (476)
[2017.12.04-06.18.10:318][ 77]LogModuleManager: Shutting down and abandoning module ViewportInteraction (474)
[2017.12.04-06.18.10:318][ 77]LogModuleManager: Shutting down and abandoning module ClothPainter (472)
[2017.12.04-06.18.10:318][ 77]LogModuleManager: Shutting down and abandoning module SkeletalMeshEditor (471)
[2017.12.04-06.18.10:318][ 77]LogModuleManager: Shutting down and abandoning module LogVisualizer (468)
[2017.12.04-06.18.10:318][ 77]LogModuleManager: Shutting down and abandoning module IntroTutorials (466)
[2017.12.04-06.18.10:318][ 77]LogModuleManager: Shutting down and abandoning module GameProjectGeneration (465)
[2017.12.04-06.18.10:318][ 77]LogModuleManager: Shutting down and abandoning module IOSPlatformEditor (462)
[2017.12.04-06.18.10:318][ 77]LogModuleManager: Shutting down and abandoning module HTML5PlatformEditor (460)
[2017.12.04-06.18.10:318][ 77]LogModuleManager: Shutting down and abandoning module AndroidPlatformEditor (458)
[2017.12.04-06.18.10:318][ 77]LogModuleManager: Shutting down and abandoning module AndroidDeviceDetection (457)
[2017.12.04-06.18.10:930][ 77]LogModuleManager: Shutting down and abandoning module WindowsPlatformEditor (454)
[2017.12.04-06.18.10:930][ 77]LogModuleManager: Shutting down and abandoning module IOSRuntimeSettings (452)
[2017.12.04-06.18.10:930][ 77]LogModuleManager: Shutting down and abandoning module AndroidRuntimeSettings (450)
[2017.12.04-06.18.10:930][ 77]LogModuleManager: Shutting down and abandoning module InputBindingEditor (448)
[2017.12.04-06.18.10:930][ 77]LogModuleManager: Shutting down and abandoning module MergeActors (446)
[2017.12.04-06.18.10:930][ 77]LogModuleManager: Shutting down and abandoning module SizeMap (444)
[2017.12.04-06.18.10:930][ 77]LogModuleManager: Shutting down and abandoning module TreeMap (442)
[2017.12.04-06.18.10:930][ 77]LogModuleManager: Shutting down and abandoning module ReferenceViewer (440)
[2017.12.04-06.18.10:930][ 77]LogModuleManager: Shutting down and abandoning module LocalizationDashboard (438)
[2017.12.04-06.18.10:930][ 77]LogModuleManager: Shutting down and abandoning module LocalizationService (437)
[2017.12.04-06.18.10:930][ 77]LogModuleManager: Shutting down and abandoning module HardwareTargeting (434)
[2017.12.04-06.18.10:930][ 77]LogModuleManager: Shutting down and abandoning module DeviceProfileEditor (432)
[2017.12.04-06.18.10:930][ 77]LogModuleManager: Shutting down and abandoning module UndoHistory (430)
[2017.12.04-06.18.10:930][ 77]LogModuleManager: Shutting down and abandoning module XmlParser (428)
[2017.12.04-06.18.10:930][ 77]LogModuleManager: Shutting down and abandoning module Blutility (426)
[2017.12.04-06.18.10:930][ 77]LogModuleManager: Shutting down and abandoning module ProjectSettingsViewer (424)
[2017.12.04-06.18.10:930][ 77]LogModuleManager: Shutting down and abandoning module ProjectTargetPlatformEditor (423)
[2017.12.04-06.18.10:930][ 77]LogModuleManager: Shutting down and abandoning module EditorSettingsViewer (420)
[2017.12.04-06.18.10:930][ 77]LogModuleManager: Shutting down and abandoning module SettingsEditor (418)
[2017.12.04-06.18.10:930][ 77]LogModuleManager: Shutting down and abandoning module ProjectLauncher (416)
[2017.12.04-06.18.10:930][ 77]LogModuleManager: Shutting down and abandoning module SessionFrontend (414)
[2017.12.04-06.18.10:930][ 77]LogModuleManager: Shutting down and abandoning module ProfilerClient (412)
[2017.12.04-06.18.10:930][ 77]LogModuleManager: Shutting down and abandoning module DeviceManager (410)
[2017.12.04-06.18.10:930][ 77]LogModuleManager: Shutting down and abandoning module TargetDeviceServices (409)
[2017.12.04-06.18.10:984][ 77]LogModuleManager: Shutting down and abandoning module AutomationController (406)
[2017.12.04-06.18.10:984][ 77]LogModuleManager: Shutting down and abandoning module AutomationWindow (404)
[2017.12.04-06.18.10:984][ 77]LogModuleManager: Shutting down and abandoning module Layers (402)
[2017.12.04-06.18.10:984][ 77]LogModuleManager: Shutting down and abandoning module ComponentVisualizers (400)
[2017.12.04-06.18.10:984][ 77]LogModuleManager: Shutting down and abandoning module DetailCustomizations (398)
[2017.12.04-06.18.10:984][ 77]LogModuleManager: Shutting down and abandoning module PackagesDialog (396)
[2017.12.04-06.18.10:984][ 77]LogModuleManager: Shutting down and abandoning module Persona (394)
[2017.12.04-06.18.10:984][ 77]LogModuleManager: Shutting down and abandoning module AdvancedPreviewScene (393)
[2017.12.04-06.18.10:984][ 77]LogModuleManager: Shutting down and abandoning module AnimGraph (391)
[2017.12.04-06.18.10:984][ 77]LogModuleManager: Shutting down and abandoning module Kismet (388)
[2017.12.04-06.18.10:995][ 77]LogModuleManager: Shutting down and abandoning module ClassViewer (386)
[2017.12.04-06.18.10:995][ 77]LogModuleManager: Shutting down and abandoning module Toolbox (384)
[2017.12.04-06.18.10:995][ 77]LogModuleManager: Shutting down and abandoning module ModuleUI (382)
[2017.12.04-06.18.10:995][ 77]LogModuleManager: Shutting down and abandoning module MovieSceneTools (380)
[2017.12.04-06.18.10:996][ 77]LogModuleManager: Shutting down and abandoning module OutputLog (378)
[2017.12.04-06.18.10:996][ 77]LogModuleManager: Shutting down and abandoning module GammaUI (376)
[2017.12.04-06.18.10:996][ 77]LogModuleManager: Shutting down and abandoning module Documentation (374)
[2017.12.04-06.18.10:996][ 77]LogModuleManager: Shutting down and abandoning module MovieSceneTracks (372)
[2017.12.04-06.18.10:996][ 77]LogModuleManager: Shutting down and abandoning module MovieScene (370)
[2017.12.04-06.18.10:996][ 77]LogModuleManager: Shutting down and abandoning module StreamingPauseRendering (368)
[2017.12.04-06.18.10:996][ 77]LogModuleManager: Shutting down and abandoning module LauncherPlatform (366)
[2017.12.04-06.18.10:996][ 77]LogModuleManager: Shutting down and abandoning module AnalyticsET (364)
[2017.12.04-06.18.10:996][ 77]LogModuleManager: Shutting down and abandoning module PortalServices (362)
[2017.12.04-06.18.10:996][ 77]LogModuleManager: Shutting down and abandoning module PortalRpc (360)
[2017.12.04-06.18.10:996][ 77]LogModuleManager: Shutting down and abandoning module MessagingRpc (358)
[2017.12.04-06.18.10:996][ 77]LogModuleManager: Shutting down and abandoning module AIModule (356)
[2017.12.04-06.18.10:996][ 77]LogModuleManager: Shutting down and abandoning module GameplayDebugger (355)
[2017.12.04-06.18.10:996][ 77]LogModuleManager: Shutting down and abandoning module AITestSuite (353)
[2017.12.04-06.18.10:996][ 77]LogModuleManager: Shutting down and abandoning module DesktopPlatform (350)
[2017.12.04-06.18.10:996][ 77]LogModuleManager: Shutting down and abandoning module ProfilerService (348)
[2017.12.04-06.18.11:052][ 77]LogModuleManager: Shutting down and abandoning module TaskGraph (346)
[2017.12.04-06.18.11:052][ 77]LogModuleManager: Shutting down and abandoning module SteamVRController (344)
[2017.12.04-06.18.11:052][ 77]LogModuleManager: Shutting down and abandoning module ProceduralMeshComponentEditor (342)
[2017.12.04-06.18.11:052][ 77]LogModuleManager: Shutting down and abandoning module ProceduralMeshComponent (340)
[2017.12.04-06.18.11:052][ 77]LogModuleManager: Shutting down and abandoning module OculusInput (338)
[2017.12.04-06.18.11:052][ 77]LogModuleManager: Shutting down and abandoning module MobilePatchingUtils (336)
[2017.12.04-06.18.11:052][ 77]LogModuleManager: Shutting down and abandoning module CustomMeshComponent (334)
[2017.12.04-06.18.11:052][ 77]LogModuleManager: Shutting down and abandoning module CableComponent (332)
[2017.12.04-06.18.11:052][ 77]LogModuleManager: Shutting down and abandoning module ArchVisCharacter (330)
[2017.12.04-06.18.11:052][ 77]LogModuleManager: Shutting down and abandoning module AndroidPermission (328)
[2017.12.04-06.18.11:052][ 77]LogModuleManager: Shutting down and abandoning module ActorSequence (324)
[2017.12.04-06.18.11:052][ 77]LogModuleManager: Shutting down and abandoning module MediaPlayerEditor (322)
[2017.12.04-06.18.11:052][ 77]LogModuleManager: Shutting down and abandoning module MediaCompositingEditor (320)
[2017.12.04-06.18.11:052][ 77]LogModuleManager: Shutting down and abandoning module MediaCompositing (318)
[2017.12.04-06.18.11:052][ 77]LogModuleManager: Shutting down and abandoning module HTML5Networking (316)
[2017.12.04-06.18.11:052][ 77]LogModuleManager: Shutting down and abandoning module AlembicImporter (314)
[2017.12.04-06.18.11:053][ 77]LogModuleManager: Shutting down and abandoning module AlembicLibrary (313)
[2017.12.04-06.18.11:053][ 77]LogModuleManager: Shutting down and abandoning module GeometryCache (312)
[2017.12.04-06.18.11:053][ 77]LogModuleManager: Shutting down and abandoning module GeometryCacheEd (311)
[2017.12.04-06.18.11:053][ 77]LogModuleManager: Shutting down and abandoning module SpeedTreeImporter (306)
[2017.12.04-06.18.11:053][ 77]LogModuleManager: Shutting down and abandoning module PluginBrowser (304)
[2017.12.04-06.18.11:053][ 77]LogModuleManager: Shutting down and abandoning module MobileLauncherProfileWizard (302)
[2017.12.04-06.18.11:053][ 77]LogModuleManager: Shutting down and abandoning module VisualStudioSourceCodeAccess (300)
[2017.12.04-06.18.11:053][ 77]LogModuleManager: Shutting down and abandoning module VisualStudioCodeSourceCodeAccess (298)
[2017.12.04-06.18.11:053][ 77]LogModuleManager: Shutting down and abandoning module UObjectPlugin (296)
[2017.12.04-06.18.11:053][ 77]LogModuleManager: Shutting down and abandoning module SubversionSourceControl (294)
[2017.12.04-06.18.11:053][ 77]LogModuleManager: Shutting down and abandoning module PerforceSourceControl (292)
[2017.12.04-06.18.11:053][ 77]LogModuleManager: Shutting down and abandoning module GitSourceControl (290)
[2017.12.04-06.18.11:053][ 77]LogModuleManager: Shutting down and abandoning module SourceControl (289)
[2017.12.04-06.18.11:053][ 77]LogModuleManager: Shutting down and abandoning module LightPropagationVolumeEditor (286)
[2017.12.04-06.18.11:053][ 77]LogModuleManager: Shutting down and abandoning module PaperTiledImporter (284)
[2017.12.04-06.18.11:053][ 77]LogModuleManager: Shutting down and abandoning module PaperSpriteSheetImporter (282)
[2017.12.04-06.18.11:053][ 77]LogModuleManager: Shutting down and abandoning module Paper2DEditor (280)
[2017.12.04-06.18.11:053][ 77]LogModuleManager: Shutting down and abandoning module MeshPaint (279)
[2017.12.04-06.18.11:053][ 77]LogModuleManager: Shutting down and abandoning module LevelEditor (277)
[2017.12.04-06.18.11:054][ 77]LogModuleManager: Shutting down and abandoning module PixelInspectorModule (276)
[2017.12.04-06.18.11:054][ 77]LogModuleManager: Shutting down and abandoning module MainFrame (274)
[2017.12.04-06.18.11:054][ 77]LogModuleManager: Shutting down and abandoning module HotReload (273)
[2017.12.04-06.18.11:054][ 77]LogModuleManager: Shutting down and abandoning module RuntimePhysXCooking (268)
[2017.12.04-06.18.11:054][ 77]LogModuleManager: Shutting down and abandoning module PhysXVehiclesEditor (266)
[2017.12.04-06.18.11:054][ 77]LogModuleManager: Shutting down and abandoning module PhysXVehicles (264)
[2017.12.04-06.18.11:054][ 77]LogModuleManager: Shutting down and abandoning module OculusEditor (262)
[2017.12.04-06.18.11:054][ 77]LogModuleManager: Shutting down and abandoning module LocationServicesBPLibrary (260)
[2017.12.04-06.18.11:054][ 77]LogModuleManager: Shutting down and abandoning module ImmediatePhysicsEditor (258)
[2017.12.04-06.18.11:054][ 77]LogModuleManager: Shutting down and abandoning module ImmediatePhysics (256)
[2017.12.04-06.18.11:054][ 77]LogModuleManager: Shutting down and abandoning module UdpMessaging (254)
[2017.12.04-06.18.11:155][ 77]LogModuleManager: Shutting down and abandoning module TcpMessaging (252)
[2017.12.04-06.18.11:255][ 77]LogModuleManager: Shutting down and abandoning module GameplayTagsEditor (250)
[2017.12.04-06.18.11:255][ 77]LogModuleManager: Shutting down and abandoning module FacialAnimationEditor (248)
[2017.12.04-06.18.11:255][ 77]LogModuleManager: Shutting down and abandoning module FacialAnimation (246)
[2017.12.04-06.18.11:255][ 77]LogModuleManager: Shutting down and abandoning module AssetManagerEditor (244)
[2017.12.04-06.18.11:255][ 77]LogModuleManager: Shutting down and abandoning module GraphEditor (243)
[2017.12.04-06.18.11:255][ 77]LogModuleManager: Shutting down and abandoning module ContentBrowser (241)
[2017.12.04-06.18.11:256][ 77]LogModuleManager: Shutting down and abandoning module LightPropagationVolumeRuntime (238)
[2017.12.04-06.18.11:256][ 77]LogModuleManager: Shutting down and abandoning module Paper2D (236)
[2017.12.04-06.18.11:256][ 77]LogModuleManager: Shutting down and abandoning module WindowsMoviePlayer (234)
[2017.12.04-06.18.11:256][ 77]LogModuleManager: Shutting down and abandoning module WmfMedia (232)
[2017.12.04-06.18.11:258][ 77]LogModuleManager: Shutting down and abandoning module ImgMedia (230)
[2017.12.04-06.18.11:258][ 77]LogModuleManager: Shutting down and abandoning module PacketHandler (228)
[2017.12.04-06.18.11:258][ 77]LogModuleManager: Shutting down and abandoning module ClothingSystemEditor (226)
[2017.12.04-06.18.11:258][ 77]LogModuleManager: Shutting down and abandoning module ClothingSystemRuntime (224)
[2017.12.04-06.18.11:258][ 77]LogModuleManager: Shutting down and abandoning module MediaAssets (222)
[2017.12.04-06.18.11:258][ 77]LogModuleManager: Shutting down and abandoning module Media (221)
[2017.12.04-06.18.11:264][ 77]LogModuleManager: Shutting down and abandoning module Overlay (218)
[2017.12.04-06.18.11:264][ 77]LogModuleManager: Shutting down and abandoning module OverlayEditor (217)
[2017.12.04-06.18.11:264][ 77]LogModuleManager: Shutting down and abandoning module VREditor (214)
[2017.12.04-06.18.11:264][ 77]LogModuleManager: Shutting down and abandoning module StringTableEditor (212)
[2017.12.04-06.18.11:264][ 77]LogModuleManager: Shutting down and abandoning module GameplayTasksEditor (210)
[2017.12.04-06.18.11:265][ 77]LogModuleManager: Shutting down and abandoning module BehaviorTreeEditor (208)
[2017.12.04-06.18.11:265][ 77]LogModuleManager: Shutting down and abandoning module FunctionalTesting (206)
[2017.12.04-06.18.11:265][ 77]LogModuleManager: Shutting down and abandoning module CollisionAnalyzer (204)
[2017.12.04-06.18.11:265][ 77]LogModuleManager: Shutting down and abandoning module WorkspaceMenuStructure (203)
[2017.12.04-06.18.11:265][ 77]LogModuleManager: Shutting down and abandoning module UMG (200)
[2017.12.04-06.18.11:265][ 77]LogModuleManager: Shutting down and abandoning module UMGEditor (199)
[2017.12.04-06.18.11:265][ 77]LogModuleManager: Shutting down and abandoning module Sequencer (198)
[2017.12.04-06.18.11:265][ 77]LogModuleManager: Shutting down and abandoning module MessageLog (195)
[2017.12.04-06.18.11:265][ 77]LogModuleManager: Shutting down and abandoning module SlateReflector (190)
[2017.12.04-06.18.11:265][ 77]LogModuleManager: Shutting down and abandoning module Slate (188)
[2017.12.04-06.18.11:265][ 77]LogModuleManager: Shutting down and abandoning module EditorStyle (186)
[2017.12.04-06.18.11:268][ 77]LogModuleManager: Shutting down and abandoning module MRMesh (184)
[2017.12.04-06.18.11:268][ 77]LogModuleManager: Shutting down and abandoning module SourceCodeAccess (182)
[2017.12.04-06.18.11:268][ 77]LogModuleManager: Shutting down and abandoning module HeadMountedDisplay (180)
[2017.12.04-06.18.11:268][ 77]LogModuleManager: Shutting down and abandoning module XAudio2 (178)
[2017.12.04-06.18.11:268][ 77]LogModuleManager: Shutting down and abandoning module Networking (176)
[2017.12.04-06.18.11:268][ 77]LogModuleManager: Shutting down and abandoning module Core (172)
[2017.12.04-06.18.11:268][ 77]LogModuleManager: Shutting down and abandoning module LevelSequence (168)
[2017.12.04-06.18.11:268][ 77]LogModuleManager: Shutting down and abandoning module DirectoryWatcher (166)
[2017.12.04-06.18.11:269][ 77]LogModuleManager: Shutting down and abandoning module KismetCompiler (164)
[2017.12.04-06.18.11:269][ 77]LogModuleManager: Shutting down and abandoning module MeshUtilities (162)
[2017.12.04-06.18.11:270][ 77]LogModuleManager: Shutting down and abandoning module MeshMergeUtilities (161)
[2017.12.04-06.18.11:270][ 77]LogModuleManager: Shutting down and abandoning module MeshReductionInterface (160)
[2017.12.04-06.18.11:270][ 77]LogModuleManager: Shutting down and abandoning module SimplygonSwarm (159)
[2017.12.04-06.18.11:270][ 77]LogModuleManager: Shutting down and abandoning module SimplygonMeshReduction (157)
[2017.12.04-06.18.11:270][ 77]LogModuleManager: Shutting down and abandoning module QuadricMeshReduction (155)
[2017.12.04-06.18.11:270][ 77]LogModuleManager: Shutting down and abandoning module MaterialBaking (151)
[2017.12.04-06.18.11:270][ 77]LogModuleManager: Shutting down and abandoning module DerivedDataCache (148)
[2017.12.04-06.18.11:326][ 77]LogDerivedDataCache: Shutdown
[2017.12.04-06.18.11:326][ 77]LogModuleManager: Shutting down and abandoning module TargetPlatform (146)
[2017.12.04-06.18.11:326][ 77]LogModuleManager: Shutting down and abandoning module VulkanShaderFormat (145)
[2017.12.04-06.18.11:326][ 77]LogModuleManager: Shutting down and abandoning module ShaderFormatVectorVM (143)
[2017.12.04-06.18.11:326][ 77]LogModuleManager: Shutting down and abandoning module ShaderFormatOpenGL (141)
[2017.12.04-06.18.11:326][ 77]LogModuleManager: Shutting down and abandoning module ShaderFormatD3D (139)
[2017.12.04-06.18.11:326][ 77]LogModuleManager: Shutting down and abandoning module MetalShaderFormat (137)
[2017.12.04-06.18.11:326][ 77]LogModuleManager: Shutting down and abandoning module TextureFormatUncompressed (135)
[2017.12.04-06.18.11:326][ 77]LogModuleManager: Shutting down and abandoning module TextureFormatPVR (133)
[2017.12.04-06.18.11:326][ 77]LogModuleManager: Shutting down and abandoning module TextureFormatDXT (131)
[2017.12.04-06.18.11:326][ 77]LogModuleManager: Shutting down and abandoning module TextureFormatIntelISPCTexComp (129)
[2017.12.04-06.18.11:326][ 77]LogModuleManager: Shutting down and abandoning module TextureFormatASTC (127)
[2017.12.04-06.18.11:326][ 77]LogModuleManager: Shutting down and abandoning module ImageWrapper (126)
[2017.12.04-06.18.11:326][ 77]LogModuleManager: Shutting down and abandoning module TextureFormatAndroid (123)
[2017.12.04-06.18.11:326][ 77]LogModuleManager: Shutting down and abandoning module AudioFormatOpus (121)
[2017.12.04-06.18.11:326][ 77]LogModuleManager: Shutting down and abandoning module AudioFormatOgg (119)
[2017.12.04-06.18.11:326][ 77]LogModuleManager: Shutting down and abandoning module AudioFormatADPCM (117)
[2017.12.04-06.18.11:327][ 77]LogModuleManager: Shutting down and abandoning module LinuxTargetPlatform (115)
[2017.12.04-06.18.11:327][ 77]LogModuleManager: Shutting down and abandoning module LinuxServerTargetPlatform (113)
[2017.12.04-06.18.11:327][ 77]LogModuleManager: Shutting down and abandoning module LinuxNoEditorTargetPlatform (111)
[2017.12.04-06.18.11:327][ 77]LogModuleManager: Shutting down and abandoning module LinuxClientTargetPlatform (109)
[2017.12.04-06.18.11:327][ 77]LogModuleManager: Shutting down and abandoning module TVOSTargetPlatform (107)
[2017.12.04-06.18.11:327][ 77]LogModuleManager: Shutting down and abandoning module Messaging (105)
[2017.12.04-06.18.11:327][ 77]LogModuleManager: Shutting down and abandoning module IOSTargetPlatform (103)
[2017.12.04-06.18.11:327][ 77]LogModuleManager: Shutting down and abandoning module HTML5TargetPlatform (101)
[2017.12.04-06.18.11:327][ 77]LogModuleManager: Shutting down and abandoning module AndroidTargetPlatform (99)
[2017.12.04-06.18.11:327][ 77]LogModuleManager: Shutting down and abandoning module Android_PVRTCTargetPlatform (97)
[2017.12.04-06.18.11:327][ 77]LogModuleManager: Shutting down and abandoning module Android_MultiTargetPlatform (95)
[2017.12.04-06.18.11:327][ 77]LogModuleManager: Shutting down and abandoning module Android_ETC2TargetPlatform (93)
[2017.12.04-06.18.11:327][ 77]LogModuleManager: Shutting down and abandoning module Android_ETC1TargetPlatform (91)
[2017.12.04-06.18.11:327][ 77]LogModuleManager: Shutting down and abandoning module Android_DXTTargetPlatform (89)
[2017.12.04-06.18.11:327][ 77]LogModuleManager: Shutting down and abandoning module Android_ATCTargetPlatform (87)
[2017.12.04-06.18.11:327][ 77]LogModuleManager: Shutting down and abandoning module Android_ASTCTargetPlatform (85)
[2017.12.04-06.18.11:327][ 77]LogModuleManager: Shutting down and abandoning module WindowsTargetPlatform (83)
[2017.12.04-06.18.11:327][ 77]LogModuleManager: Shutting down and abandoning module WindowsServerTargetPlatform (81)
[2017.12.04-06.18.11:327][ 77]LogModuleManager: Shutting down and abandoning module WindowsNoEditorTargetPlatform (79)
[2017.12.04-06.18.11:327][ 77]LogModuleManager: Shutting down and abandoning module WindowsClientTargetPlatform (77)
[2017.12.04-06.18.11:327][ 77]LogModuleManager: Shutting down and abandoning module MacTargetPlatform (75)
[2017.12.04-06.18.11:327][ 77]LogModuleManager: Shutting down and abandoning module MacServerTargetPlatform (73)
[2017.12.04-06.18.11:327][ 77]LogModuleManager: Shutting down and abandoning module MacNoEditorTargetPlatform (71)
[2017.12.04-06.18.11:327][ 77]LogModuleManager: Shutting down and abandoning module MacClientTargetPlatform (69)
[2017.12.04-06.18.11:327][ 77]LogModuleManager: Shutting down and abandoning module AllDesktopTargetPlatform (67)
[2017.12.04-06.18.11:327][ 77]LogModuleManager: Shutting down and abandoning module InputCore (64)
[2017.12.04-06.18.11:327][ 77]LogModuleManager: Shutting down and abandoning module Settings (62)
[2017.12.04-06.18.11:327][ 77]LogModuleManager: Shutting down and abandoning module PhysXCooking (60)
[2017.12.04-06.18.11:327][ 77]LogModuleManager: Shutting down and abandoning module SteamVR (58)
[2017.12.04-06.18.11:327][ 77]LogModuleManager: Shutting down and abandoning module OculusHMD (56)
[2017.12.04-06.18.11:327][ 77]LogModuleManager: Shutting down and abandoning module ExampleDeviceProfileSelector (54)
[2017.12.04-06.18.11:327][ 77]LogModuleManager: Shutting down and abandoning module AppleARKit (52)
[2017.12.04-06.18.11:327][ 77]LogModuleManager: Shutting down and abandoning module AugmentedReality (51)
[2017.12.04-06.18.11:327][ 77]LogModuleManager: Shutting down and abandoning module OnlineBlueprintSupport (48)
[2017.12.04-06.18.11:327][ 77]LogModuleManager: Shutting down and abandoning module OnlineSubsystem (44)
[2017.12.04-06.18.11:327][ 77]LogModuleManager: Shutting down and abandoning module XMPP (43)
[2017.12.04-06.18.11:327][ 77]LogModuleManager: Shutting down and abandoning module HTTP (41)
[2017.12.04-06.18.11:327][ 77]LogHttp: Display: Http module shutting down, but needs to wait on 1 outstanding Http requests:
[2017.12.04-06.18.11:327][ 77]LogHttp: Display: 	verb=[POST] url=[https://datarouter.ol.epicgames.com/datarouter/api/v1/public/data?SessionID=%7BF12C1B57-4B3B-F6BA-F660-B4B586970DA0%7D&AppID=UEEditor.Rocket.Release&AppVersion=4.18.1-3754814%2B%2B%2BUE4%2BRelease-4.18&UserID=80d7d7284b92a576d449849b43d53861%7Ce63456aa690a4936b5bfd54d746f55b6%7C1b945bac-57c8-4fb3-8f97-cebfa9c2860d&AppEnvironment=datacollector-binary&UploadType=eteventstream] status=Processing
[2017.12.04-06.18.11:355][ 77]LogModuleManager: Shutting down and abandoning module SSL (40)
[2017.12.04-06.18.11:356][ 77]LogModuleManager: Shutting down and abandoning module AnimationModifiers (36)
[2017.12.04-06.18.11:356][ 77]LogModuleManager: Shutting down and abandoning module PropertyEditor (35)
[2017.12.04-06.18.11:356][ 77]LogModuleManager: Shutting down and abandoning module AudioEditor (32)
[2017.12.04-06.18.11:356][ 77]LogModuleManager: Shutting down and abandoning module TextureCompressor (30)
[2017.12.04-06.18.11:356][ 77]LogModuleManager: Shutting down and abandoning module ShaderCore (28)
[2017.12.04-06.18.11:356][ 77]LogModuleManager: Shutting down and abandoning module Landscape (26)
[2017.12.04-06.18.11:356][ 77]LogModuleManager: Shutting down and abandoning module SlateRHIRenderer (24)
[2017.12.04-06.18.11:358][ 77]LogModuleManager: Shutting down and abandoning module OpenGLDrv (22)
[2017.12.04-06.18.11:358][ 77]LogModuleManager: Shutting down and abandoning module D3D11RHI (20)
[2017.12.04-06.18.11:358][ 77]LogModuleManager: Shutting down and abandoning module AnimGraphRuntime (18)
[2017.12.04-06.18.11:358][ 77]LogModuleManager: Shutting down and abandoning module Renderer (16)
[2017.12.04-06.18.11:358][ 77]LogModuleManager: Shutting down and abandoning module Engine (14)
[2017.12.04-06.18.11:358][ 77]LogModuleManager: Shutting down and abandoning module CoreUObject (12)
[2017.12.04-06.18.11:358][ 77]LogModuleManager: Shutting down and abandoning module NetworkFile (10)
[2017.12.04-06.18.11:358][ 77]LogModuleManager: Shutting down and abandoning module CookedIterativeFile (8)
[2017.12.04-06.18.11:358][ 77]LogModuleManager: Shutting down and abandoning module StreamingFile (6)
[2017.12.04-06.18.11:358][ 77]LogModuleManager: Shutting down and abandoning module SandboxFile (4)
[2017.12.04-06.18.11:358][ 77]LogModuleManager: Shutting down and abandoning module PakFile (2)
[2017.12.04-06.18.11:362][ 77]LogExit: Exiting.
[2017.12.04-06.18.11:376][ 77]Log file closed, 12/04/17 15:18:11
